<?xml version="1.0" encoding="UTF-8"?>
<testExecutions version="1">
    <file path="/Users/Oscar.Ricaud@ibm.com/Documents/refarch-cloudnative-bluecompute-web-appsody/src/test/index.test.js">
        <testCase name="BlueCompute Web App Test Suites when request the home page should return valid HTML page" duration="21">
            <failure message="Expected value   undefined"><![CDATA[Expected value   undefined
Received:
  "<!DOCTYPE html>·
<html>·
<head>·
<title>IBM Cloud Architecture</title>·
     <meta charset=\"utf-8\">·
    <meta http-equiv=\"X-UA-Compatible\" content=\"IE=edge\">·
    <meta name=\"viewport\" content=\"width=device-width, initial-scale=1\">·
    <script>·
        var baseUrl = document.location.href;·
        if (baseUrl.indexOf(\"/\", baseUrl.length - 1) == -1) {·
            baseUrl = baseUrl + \"/\";·
        }·
        document.write('<base href=\"' + baseUrl + '\" />');·
    </script>···
<link rel=\"stylesheet\" href=\"pure/pure-min.css\" />·
<link rel=\"stylesheet\" href=\"pure/grids-responsive-min.css\" />·
<link rel=\"stylesheet\" href=\"font-awesome/font-awesome.css\" />·
<link rel=\"stylesheet\" href=\"pure/layouts/main.css\" />·
<link rel=\"stylesheet\" href=\"pure/layouts/inventory.css\" />·
<link rel=\"stylesheet\" href=\"pure/layouts/item.css\" />·
<link rel=\"stylesheet\" href=\"pure/layouts/login.css\" />·
<!--<link rel=\"stylesheet\" href=\"https://maxcdn.bootstrapcdn.com/font-awesome/4.1.0/css/font-awesome.min.css\" />-->···
  <script type=\"text/javascript\" src=\"jquery/jquery.min.js\"></script>·
  <script type=\"text/javascript\" src=\"bower_components/angular/angular.js\"></script>·
  <script type=\"text/javascript\" src=\"bower_components/angular-route/angular-route.min.js\"></script>·
  <script type=\"text/javascript\" src=\"bower_components/angular-base64/angular-base64.js\"></script>·
  <script type=\"text/javascript\" src=\"stars.js\"></script>·
  <script type=\"text/javascript\" src=\"app.js\"></script>···
  	<script src=\"components/controllers/HomeController.js\"></script>·
    <script src=\"components/controllers/LoginController.js\"></script>·
    <script src=\"components/controllers/LogoutController.js\"></script>·
    <script src=\"components/controllers/CatalogController.js\"></script>·
    <script src=\"components/controllers/ItemController.js\"></script>·
    <script src=\"components/controllers/CustomerController.js\"></script>···
    <script src=\"components/services/BlueAPIService.js\"></script>·
    <script src=\"components/services/UserInfoService.js\"></script>·
</head>·
<body ng-view>·
</body>·
</html>·
"

Message:
  expected '<!DOCTYPE html>\r\n<html>\r\n<head>\r\n<title>IBM Cloud Architecture</title>\r\n     <meta charset="utf-8">\r\n    <meta http-equiv="X-UA-Compatible" content="IE=edge">\r\n    <meta name="viewport" content="width=device-width, initial-scale=1">\r\n    <script>\r\n        var baseUrl = document.location.href;\r\n        if (baseUrl.indexOf("/", baseUrl.length - 1) == -1) {\r\n            baseUrl = baseUrl + "/";\r\n        }\r\n        document.write(\'<base href="\' + baseUrl + \'" />\');\r\n    </script>\r\n\r\n<link rel="stylesheet" href="pure/pure-min.css" />\r\n<link rel="stylesheet" href="pure/grids-responsive-min.css" />\r\n<link rel="stylesheet" href="font-awesome/font-awesome.css" />\r\n<link rel="stylesheet" href="pure/layouts/main.css" />\r\n<link rel="stylesheet" href="pure/layouts/inventory.css" />\r\n<link rel="stylesheet" href="pure/layouts/item.css" />\r\n<link rel="stylesheet" href="pure/layouts/login.css" />\r\n<!--<link rel="stylesheet" href="https://maxcdn.bootstrapcdn.com/font-awesome/4.1.0/css/font-awesome.min.css" />-->\r\n\r\n  <script type="text/javascript" src="jquery/jquery.min.js"></script>\r\n  <script type="text/javascript" src="bower_components/angular/angular.js"></script>\r\n  <script type="text/javascript" src="bower_components/angular-route/angular-route.min.js"></script>\r\n  <script type="text/javascript" src="bower_components/angular-base64/angular-base64.js"></script>\r\n  <script type="text/javascript" src="stars.js"></script>\r\n  <script type="text/javascript" src="app.js"></script>\r\n\r\n  \t<script src="components/controllers/HomeController.js"></script>\r\n    <script src="components/controllers/LoginController.js"></script>\r\n    <script src="components/controllers/LogoutController.js"></script>\r\n    <script src="components/controllers/CatalogController.js"></script>\r\n    <script src="components/controllers/ItemController.js"></script>\r\n    <script src="components/controllers/CustomerController.js"></script>\r\n\r\n    <script src="components/services/BlueAPIService.js"></script>\r\n    <script src="components/services/UserInfoService.js"></script>\r\n</head>\r\n<body ng-view>\r\n</body>\r\n</html>\r\n' to include 'BlueCompute Store!'

Difference:

  Comparing two different types of values. Expected undefined but received string.
    at Request._callback (/Users/Oscar.Ricaud@ibm.com/Documents/refarch-cloudnative-bluecompute-web-appsody/src/test/index.test.js:30:33)
    at Request.self.callback (/Users/Oscar.Ricaud@ibm.com/Documents/refarch-cloudnative-bluecompute-web-appsody/node_modules/request/request.js:198:22)
    at Request.emit (events.js:305:20)
    at Request.<anonymous> (/Users/Oscar.Ricaud@ibm.com/Documents/refarch-cloudnative-bluecompute-web-appsody/node_modules/request/request.js:1035:10)
    at Request.emit (events.js:317:22)
    at IncomingMessage.<anonymous> (/Users/Oscar.Ricaud@ibm.com/Documents/refarch-cloudnative-bluecompute-web-appsody/node_modules/request/request.js:962:12)
    at IncomingMessage.emit (events.js:317:22)
    at endReadableNT (_stream_readable.js:1215:12)
    at processTicksAndRejections (internal/process/task_queues.js:84:21)]]></failure>
        </testCase>
        <testCase name="BlueCompute Web App Test Suites when request the path /inventory should return valid HTML page with a list of items" duration="8">
            <failure message="Expected value   200"><![CDATA[Expected value   200
Received:
  404

Message:
  expected { Object (_readableState, readable, ...) } to have a property 'statusCode' of 200, but got 404
    at Request._callback (/Users/Oscar.Ricaud@ibm.com/Documents/refarch-cloudnative-bluecompute-web-appsody/src/test/index.test.js:52:42)
    at Request.self.callback (/Users/Oscar.Ricaud@ibm.com/Documents/refarch-cloudnative-bluecompute-web-appsody/node_modules/request/request.js:198:22)
    at Request.emit (events.js:305:20)
    at Request.<anonymous> (/Users/Oscar.Ricaud@ibm.com/Documents/refarch-cloudnative-bluecompute-web-appsody/node_modules/request/request.js:1035:10)
    at Request.emit (events.js:317:22)
    at IncomingMessage.<anonymous> (/Users/Oscar.Ricaud@ibm.com/Documents/refarch-cloudnative-bluecompute-web-appsody/node_modules/request/request.js:962:12)
    at IncomingMessage.emit (events.js:317:22)
    at endReadableNT (_stream_readable.js:1215:12)
    at processTicksAndRejections (internal/process/task_queues.js:84:21)]]></failure>
        </testCase>
    </file>
</testExecutions>